0 info it worked if it ends with ok
1 verbose cli [ 'c:\\Program Files (x86)\\nodejs\\node.exe',
1 verbose cli   'c:\\Program Files (x86)\\nodejs\\node_modules\\npm\\bin\\npm-cli.js',
1 verbose cli   'start' ]
2 info using npm@1.4.9
3 info using node@v0.10.28
4 verbose run-script [ 'prestart', 'start', 'poststart' ]
5 info prestart collegiateCribs@0.0.1
6 info start collegiateCribs@0.0.1
7 verbose unsafe-perm in lifecycle true
8 info collegiateCribs@0.0.1 Failed to exec start script
9 error collegiateCribs@0.0.1 start: `node ./bin/www`
9 error Exit status 8
10 error Failed at the collegiateCribs@0.0.1 start script.
10 error This is most likely a problem with the collegiateCribs package,
10 error not with npm itself.
10 error Tell the author that this fails on your system:
10 error     node ./bin/www
10 error You can get their info via:
10 error     npm owner ls collegiateCribs
10 error There is likely additional logging output above.
11 error System Windows_NT 6.2.9200
12 error command "c:\\Program Files (x86)\\nodejs\\node.exe" "c:\\Program Files (x86)\\nodejs\\node_modules\\npm\\bin\\npm-cli.js" "start"
13 error cwd c:\git\collegiateCribs
14 error node -v v0.10.28
15 error npm -v 1.4.9
16 error code ELIFECYCLE
17 verbose exit [ 1, true ]
