0 info it worked if it ends with ok
1 verbose cli [ '/usr/bin/nodejs', '/usr/bin/npm', 'install' ]
2 info using npm@1.3.10
3 info using node@v0.10.25
4 error install Couldn't read dependencies
5 error Failed to parse json
5 error Unexpected token }
6 error File: /home/tika/collegiateCribs/package.json
7 error Failed to parse package.json data.
7 error package.json must be actual JSON, not just JavaScript.
7 error
7 error This is not a bug in npm.
7 error Tell the package author to fix their package.json file. JSON.parse
8 error System Linux 3.13.0-45-generic
9 error command "/usr/bin/nodejs" "/usr/bin/npm" "install"
10 error cwd /home/tika/collegiateCribs/server
11 error node -v v0.10.25
12 error npm -v 1.3.10
13 error file /home/tika/collegiateCribs/package.json
14 error code EJSONPARSE
15 verbose exit [ 1, true ]
